<?xml version="1.0" encoding="UTF-8"?>
<!-- Generated by org.testng.reporters.JUnitReportReporter -->
<testsuite hostname="LAPTOP-9V9CRCNB" failures="0" tests="1" name="com.linkedin.PositiveTests" time="14.807" errors="0" timestamp="2023-03-13T11:24:47 CET" skipped="0">
  <testcase classname="com.linkedin.PositiveTests" name="loginTest" time="14.807"/>
  <system-out/>
</testsuite> <!-- com.linkedin.PositiveTests -->
