<?xml version="1.0" encoding="UTF-8"?>
<!-- Generated by org.testng.reporters.JUnitReportReporter -->
<testsuite hostname="LAPTOP-9V9CRCNB" failures="0" tests="1" name="com.linkedin.NegativeUserName" time="9.136" errors="0" timestamp="2023-03-12T16:47:28 CET" skipped="0">
  <testcase classname="com.linkedin.NegativeUserName" name="InvalidUsernameTest" time="9.136"/>
  <system-out/>
</testsuite> <!-- com.linkedin.NegativeUserName -->
